FE/android/app/build/intermediates/manifest_merge_blame_file/release/manifest-merger-blame-release-report.txt
1<?xml version="1.0" encoding="utf-8"?>
2<manifest xmlns:android="http://schemas.android.com/apk/res/android"
3    package="com.tttn"
4    android:versionCode="1"
5    android:versionName="1.0" >
6
7    <uses-sdk
8        android:minSdkVersion="21"
8-->src\main\AndroidManifest.xml
9        android:targetSdkVersion="33" />
9-->src\main\AndroidManifest.xml
10
11    <uses-permission android:name="android.permission.INTERNET" />
11-->src\main\AndroidManifest.xml:3:5-67
11-->src\main\AndroidManifest.xml:3:22-64
12    <uses-permission android:name="android.permission.CAMERA" />
12-->src\main\AndroidManifest.xml:4:1-61
12-->src\main\AndroidManifest.xml:4:18-58
13    <uses-permission android:name="android.permission.WRITE_EXTERNAL_STORAGE" />
13-->src\main\AndroidManifest.xml:5:7-82
13-->src\main\AndroidManifest.xml:5:24-80
14    <uses-permission android:name="android.permission.ACCESS_FINE_LOCATION" />
14-->src\main\AndroidManifest.xml:6:7-81
14-->src\main\AndroidManifest.xml:6:24-78
15    <uses-permission android:name="android.permission.WAKE_LOCK" />
15-->[:react-native-firebase_storage] AndroidManifest.xml:8:5-68
15-->[:react-native-firebase_storage] AndroidManifest.xml:8:22-65
16    <uses-permission android:name="android.permission.ACCESS_NETWORK_STATE" />
16-->[:react-native-firebase_storage] AndroidManifest.xml:9:5-79
16-->[:react-native-firebase_storage] AndroidManifest.xml:9:22-76
17
18    <application
18-->src\main\AndroidManifest.xml:7:5-26:19
19        android:name="com.tttn.MainApplication"
19-->src\main\AndroidManifest.xml:8:7-38
20        android:allowBackup="false"
20-->src\main\AndroidManifest.xml:12:7-34
21        android:appComponentFactory="androidx.core.app.CoreComponentFactory"
21-->[androidx.core:core:1.7.0] AndroidManifest.xml:24:18-86
22        android:icon="@mipmap/ic_launcher"
22-->src\main\AndroidManifest.xml:10:7-41
23        android:label="@string/app_name"
23-->src\main\AndroidManifest.xml:9:7-39
24        android:roundIcon="@mipmap/ic_launcher_round"
24-->src\main\AndroidManifest.xml:11:7-52
25        android:theme="@style/AppTheme" >
25-->src\main\AndroidManifest.xml:13:7-38
26        <activity
26-->src\main\AndroidManifest.xml:14:7-25:18
27            android:name="com.tttn.MainActivity"
27-->src\main\AndroidManifest.xml:15:9-37
28            android:configChanges="keyboard|keyboardHidden|orientation|screenLayout|screenSize|smallestScreenSize|uiMode"
28-->src\main\AndroidManifest.xml:17:9-118
29            android:exported="true"
29-->src\main\AndroidManifest.xml:20:9-32
30            android:label="@string/app_name"
30-->src\main\AndroidManifest.xml:16:9-41
31            android:launchMode="singleTask"
31-->src\main\AndroidManifest.xml:18:9-40
32            android:windowSoftInputMode="adjustResize" >
32-->src\main\AndroidManifest.xml:19:9-51
33            <intent-filter>
33-->src\main\AndroidManifest.xml:21:9-24:25
34                <action android:name="android.intent.action.MAIN" />
34-->src\main\AndroidManifest.xml:22:13-65
34-->src\main\AndroidManifest.xml:22:21-62
35
36                <category android:name="android.intent.category.LAUNCHER" />
36-->src\main\AndroidManifest.xml:23:13-73
36-->src\main\AndroidManifest.xml:23:23-70
37            </intent-filter>
38        </activity>
39
40        <meta-data
40-->[:react-native-firebase_app] AndroidManifest.xml:9:9-11:36
41            android:name="app_data_collection_default_enabled"
41-->[:react-native-firebase_app] AndroidManifest.xml:10:13-63
42            android:value="true" />
42-->[:react-native-firebase_app] AndroidManifest.xml:11:13-33
43
44        <service
44-->[:react-native-firebase_app] AndroidManifest.xml:13:9-21:19
45            android:name="com.google.firebase.components.ComponentDiscoveryService"
45-->[:react-native-firebase_app] AndroidManifest.xml:14:13-84
46            android:directBootAware="true"
46-->[:react-native-firebase_app] AndroidManifest.xml:15:13-43
47            android:exported="false" >
47-->[:react-native-firebase_app] AndroidManifest.xml:16:13-37
48            <meta-data
48-->[:react-native-firebase_app] AndroidManifest.xml:18:13-20:85
49                android:name="com.google.firebase.components:io.invertase.firebase.app.ReactNativeFirebaseAppRegistrar"
49-->[:react-native-firebase_app] AndroidManifest.xml:19:17-120
50                android:value="com.google.firebase.components.ComponentRegistrar" />
50-->[:react-native-firebase_app] AndroidManifest.xml:20:17-82
51            <meta-data
51-->[com.google.firebase:firebase-storage:20.3.0] AndroidManifest.xml:30:13-32:85
52                android:name="com.google.firebase.components:com.google.firebase.storage.FirebaseStorageKtxRegistrar"
52-->[com.google.firebase:firebase-storage:20.3.0] AndroidManifest.xml:31:17-118
53                android:value="com.google.firebase.components.ComponentRegistrar" />
53-->[com.google.firebase:firebase-storage:20.3.0] AndroidManifest.xml:32:17-82
54            <meta-data
54-->[com.google.firebase:firebase-storage:20.3.0] AndroidManifest.xml:33:13-35:85
55                android:name="com.google.firebase.components:com.google.firebase.storage.StorageRegistrar"
55-->[com.google.firebase:firebase-storage:20.3.0] AndroidManifest.xml:34:17-107
56                android:value="com.google.firebase.components.ComponentRegistrar" />
56-->[com.google.firebase:firebase-storage:20.3.0] AndroidManifest.xml:35:17-82
57            <meta-data
57-->[com.google.firebase:firebase-appcheck:17.1.0] AndroidManifest.xml:25:13-27:85
58                android:name="com.google.firebase.components:com.google.firebase.appcheck.FirebaseAppCheckKtxRegistrar"
58-->[com.google.firebase:firebase-appcheck:17.1.0] AndroidManifest.xml:26:17-120
59                android:value="com.google.firebase.components.ComponentRegistrar" />
59-->[com.google.firebase:firebase-appcheck:17.1.0] AndroidManifest.xml:27:17-82
60            <meta-data
60-->[com.google.firebase:firebase-appcheck:17.1.0] AndroidManifest.xml:28:13-30:85
61                android:name="com.google.firebase.components:com.google.firebase.appcheck.FirebaseAppCheckRegistrar"
61-->[com.google.firebase:firebase-appcheck:17.1.0] AndroidManifest.xml:29:17-117
62                android:value="com.google.firebase.components.ComponentRegistrar" />
62-->[com.google.firebase:firebase-appcheck:17.1.0] AndroidManifest.xml:30:17-82
63            <meta-data
63-->[com.google.firebase:firebase-common-ktx:20.4.2] AndroidManifest.xml:12:13-14:85
64                android:name="com.google.firebase.components:com.google.firebase.ktx.FirebaseCommonLegacyRegistrar"
64-->[com.google.firebase:firebase-common-ktx:20.4.2] AndroidManifest.xml:13:17-116
65                android:value="com.google.firebase.components.ComponentRegistrar" />
65-->[com.google.firebase:firebase-common-ktx:20.4.2] AndroidManifest.xml:14:17-82
66            <meta-data
66-->[com.google.firebase:firebase-common:20.4.2] AndroidManifest.xml:35:13-37:85
67                android:name="com.google.firebase.components:com.google.firebase.FirebaseCommonKtxRegistrar"
67-->[com.google.firebase:firebase-common:20.4.2] AndroidManifest.xml:36:17-109
68                android:value="com.google.firebase.components.ComponentRegistrar" />
68-->[com.google.firebase:firebase-common:20.4.2] AndroidManifest.xml:37:17-82
69        </service>
70
71        <provider
71-->[:react-native-firebase_app] AndroidManifest.xml:23:9-27:38
72            android:name="io.invertase.firebase.app.ReactNativeFirebaseAppInitProvider"
72-->[:react-native-firebase_app] AndroidManifest.xml:24:13-88
73            android:authorities="com.tttn.reactnativefirebaseappinitprovider"
73-->[:react-native-firebase_app] AndroidManifest.xml:25:13-86
74            android:exported="false"
74-->[:react-native-firebase_app] AndroidManifest.xml:26:13-37
75            android:initOrder="99" />
75-->[:react-native-firebase_app] AndroidManifest.xml:27:13-35
76        <provider
76-->[:react-native-image-picker] AndroidManifest.xml:8:9-16:20
77            android:name="com.imagepicker.ImagePickerProvider"
77-->[:react-native-image-picker] AndroidManifest.xml:9:13-63
78            android:authorities="com.tttn.imagepickerprovider"
78-->[:react-native-image-picker] AndroidManifest.xml:10:13-71
79            android:exported="false"
79-->[:react-native-image-picker] AndroidManifest.xml:11:13-37
80            android:grantUriPermissions="true" >
80-->[:react-native-image-picker] AndroidManifest.xml:12:13-47
81            <meta-data
81-->[:react-native-image-picker] AndroidManifest.xml:13:13-15:70
82                android:name="android.support.FILE_PROVIDER_PATHS"
82-->[:react-native-image-picker] AndroidManifest.xml:14:17-67
83                android:resource="@xml/imagepicker_provider_paths" />
83-->[:react-native-image-picker] AndroidManifest.xml:15:17-67
84        </provider>
85
86        <activity
86-->[com.google.android.gms:play-services-auth:20.7.0] AndroidManifest.xml:23:9-27:75
87            android:name="com.google.android.gms.auth.api.signin.internal.SignInHubActivity"
87-->[com.google.android.gms:play-services-auth:20.7.0] AndroidManifest.xml:24:13-93
88            android:excludeFromRecents="true"
88-->[com.google.android.gms:play-services-auth:20.7.0] AndroidManifest.xml:25:13-46
89            android:exported="false"
89-->[com.google.android.gms:play-services-auth:20.7.0] AndroidManifest.xml:26:13-37
90            android:theme="@android:style/Theme.Translucent.NoTitleBar" />
90-->[com.google.android.gms:play-services-auth:20.7.0] AndroidManifest.xml:27:13-72
91        <!--
92            Service handling Google Sign-In user revocation. For apps that do not integrate with
93            Google Sign-In, this service will never be started.
94        -->
95        <service
95-->[com.google.android.gms:play-services-auth:20.7.0] AndroidManifest.xml:33:9-37:51
96            android:name="com.google.android.gms.auth.api.signin.RevocationBoundService"
96-->[com.google.android.gms:play-services-auth:20.7.0] AndroidManifest.xml:34:13-89
97            android:exported="true"
97-->[com.google.android.gms:play-services-auth:20.7.0] AndroidManifest.xml:35:13-36
98            android:permission="com.google.android.gms.auth.api.signin.permission.REVOCATION_NOTIFICATION"
98-->[com.google.android.gms:play-services-auth:20.7.0] AndroidManifest.xml:36:13-107
99            android:visibleToInstantApps="true" />
99-->[com.google.android.gms:play-services-auth:20.7.0] AndroidManifest.xml:37:13-48
100
101        <activity
101-->[com.google.android.gms:play-services-base:18.0.1] AndroidManifest.xml:20:9-22:45
102            android:name="com.google.android.gms.common.api.GoogleApiActivity"
102-->[com.google.android.gms:play-services-base:18.0.1] AndroidManifest.xml:20:19-85
103            android:exported="false"
103-->[com.google.android.gms:play-services-base:18.0.1] AndroidManifest.xml:22:19-43
104            android:theme="@android:style/Theme.Translucent.NoTitleBar" />
104-->[com.google.android.gms:play-services-base:18.0.1] AndroidManifest.xml:21:19-78
105
106        <provider
106-->[com.google.firebase:firebase-common:20.4.2] AndroidManifest.xml:23:9-28:39
107            android:name="com.google.firebase.provider.FirebaseInitProvider"
107-->[com.google.firebase:firebase-common:20.4.2] AndroidManifest.xml:24:13-77
108            android:authorities="com.tttn.firebaseinitprovider"
108-->[com.google.firebase:firebase-common:20.4.2] AndroidManifest.xml:25:13-72
109            android:directBootAware="true"
109-->[com.google.firebase:firebase-common:20.4.2] AndroidManifest.xml:26:13-43
110            android:exported="false"
110-->[com.google.firebase:firebase-common:20.4.2] AndroidManifest.xml:27:13-37
111            android:initOrder="100" />
111-->[com.google.firebase:firebase-common:20.4.2] AndroidManifest.xml:28:13-36
112
113        <meta-data
113-->[com.google.android.gms:play-services-basement:18.2.0] AndroidManifest.xml:21:9-23:69
114            android:name="com.google.android.gms.version"
114-->[com.google.android.gms:play-services-basement:18.2.0] AndroidManifest.xml:22:13-58
115            android:value="@integer/google_play_services_version" />
115-->[com.google.android.gms:play-services-basement:18.2.0] AndroidManifest.xml:23:13-66
116
117        <provider
117-->[androidx.emoji2:emoji2:1.0.0] AndroidManifest.xml:26:9-34:20
118            android:name="androidx.startup.InitializationProvider"
118-->[androidx.emoji2:emoji2:1.0.0] AndroidManifest.xml:27:13-67
119            android:authorities="com.tttn.androidx-startup"
119-->[androidx.emoji2:emoji2:1.0.0] AndroidManifest.xml:28:13-68
120            android:exported="false" >
120-->[androidx.emoji2:emoji2:1.0.0] AndroidManifest.xml:29:13-37
121            <meta-data
121-->[androidx.emoji2:emoji2:1.0.0] AndroidManifest.xml:31:13-33:52
122                android:name="androidx.emoji2.text.EmojiCompatInitializer"
122-->[androidx.emoji2:emoji2:1.0.0] AndroidManifest.xml:32:17-75
123                android:value="androidx.startup" />
123-->[androidx.emoji2:emoji2:1.0.0] AndroidManifest.xml:33:17-49
124            <meta-data
124-->[androidx.lifecycle:lifecycle-process:2.4.0] AndroidManifest.xml:31:13-33:52
125                android:name="androidx.lifecycle.ProcessLifecycleInitializer"
125-->[androidx.lifecycle:lifecycle-process:2.4.0] AndroidManifest.xml:32:17-78
126                android:value="androidx.startup" />
126-->[androidx.lifecycle:lifecycle-process:2.4.0] AndroidManifest.xml:33:17-49
127        </provider>
128
129        <meta-data
129-->[com.facebook.soloader:soloader:0.10.5] AndroidManifest.xml:12:9-14:37
130            android:name="com.facebook.soloader.enabled"
130-->[com.facebook.soloader:soloader:0.10.5] AndroidManifest.xml:13:13-57
131            android:value="false" />
131-->[com.facebook.soloader:soloader:0.10.5] AndroidManifest.xml:14:13-34
132    </application>
133
134</manifest>